android/app/build/intermediates/manifest_merge_blame_file/debug/manifest-merger-blame-debug-report.txt
1<?xml version="1.0" encoding="utf-8"?>
2<manifest xmlns:android="http://schemas.android.com/apk/res/android"
3    package="com.poosahremittances"
4    android:versionCode="1"
5    android:versionName="1.0" >
6
7    <uses-sdk
8        android:minSdkVersion="16"
9        android:targetSdkVersion="28" />
10
11    <uses-permission android:name="android.permission.SYSTEM_ALERT_WINDOW" />
11-->src\debug\AndroidManifest.xml:5:5-77
11-->src\debug\AndroidManifest.xml:5:22-75
12    <uses-permission android:name="android.permission.INTERNET" />
12-->src\main\AndroidManifest.xml:4:5-67
12-->src\main\AndroidManifest.xml:4:22-64
13    <uses-permission android:name="android.permission.ACCESS_WIFI_STATE" />
13-->[com.facebook.flipper:flipper:0.33.1] AndroidManifest.xml:16:5-76
13-->[com.facebook.flipper:flipper:0.33.1] AndroidManifest.xml:16:22-73
14
15    <application
15-->src\main\AndroidManifest.xml:6:5-50:19
16        android:name="com.poosahremittances.MainApplication"
16-->src\main\AndroidManifest.xml:7:7-38
17        android:allowBackup="false"
17-->src\main\AndroidManifest.xml:11:7-34
18        android:appComponentFactory="androidx.core.app.CoreComponentFactory"
18-->[androidx.core:core:1.1.0] AndroidManifest.xml:24:18-86
19        android:debuggable="true"
20        android:icon="@mipmap/ic_launcher"
20-->src\main\AndroidManifest.xml:9:7-41
21        android:label="@string/app_name"
21-->src\main\AndroidManifest.xml:8:7-39
22        android:roundIcon="@mipmap/ic_launcher_round"
22-->src\main\AndroidManifest.xml:10:7-52
23        android:testOnly="true"
24        android:theme="@style/AppTheme"
24-->src\main\AndroidManifest.xml:12:7-38
25        android:usesCleartextTraffic="true" >
25-->src\debug\AndroidManifest.xml:7:18-53
26        <activity
26-->src\main\AndroidManifest.xml:13:7-48:18
27            android:name="com.poosahremittances.MainActivity"
27-->src\main\AndroidManifest.xml:14:9-37
28            android:configChanges="keyboard|keyboardHidden|orientation|screenSize|uiMode"
28-->src\main\AndroidManifest.xml:16:9-86
29            android:label="@string/app_name"
29-->src\main\AndroidManifest.xml:15:9-41
30            android:launchMode="singleTask"
30-->src\main\AndroidManifest.xml:17:9-40
31            android:windowSoftInputMode="adjustResize" >
31-->src\main\AndroidManifest.xml:18:9-51
32            <intent-filter>
32-->src\main\AndroidManifest.xml:19:9-22:25
33                <action android:name="android.intent.action.MAIN" />
33-->src\main\AndroidManifest.xml:20:13-65
33-->src\main\AndroidManifest.xml:20:21-62
34
35                <category android:name="android.intent.category.LAUNCHER" />
35-->src\main\AndroidManifest.xml:21:13-73
35-->src\main\AndroidManifest.xml:21:23-70
36            </intent-filter>
37
38            <!--
39 <intent-filter>
40 <action android:name="android.intent.action.VIEW" />
41 <category android:name="android.intent.category.DEFAULT" />
42 <category android:name="android.intent.category.BROWSABLE" />
43 <data android:scheme="mychat" />
44 </intent-filter>
45            -->
46
47            <intent-filter android:label="filter_react_native" >
47-->src\main\AndroidManifest.xml:31:2-36:17
47-->src\main\AndroidManifest.xml:31:17-52
48                <action android:name="android.intent.action.VIEW" />
48-->src\main\AndroidManifest.xml:32:3-55
48-->src\main\AndroidManifest.xml:32:11-52
49
50                <category android:name="android.intent.category.DEFAULT" />
50-->src\main\AndroidManifest.xml:33:3-62
50-->src\main\AndroidManifest.xml:33:13-59
51                <category android:name="android.intent.category.BROWSABLE" />
51-->src\main\AndroidManifest.xml:34:3-64
51-->src\main\AndroidManifest.xml:34:13-61
52
53                <data
53-->src\main\AndroidManifest.xml:35:3-63
54                    android:host="resetpassword"
54-->src\main\AndroidManifest.xml:35:32-60
55                    android:scheme="posah" />
55-->src\main\AndroidManifest.xml:35:9-31
56 // A
57            </intent-filter>
58            <intent-filter android:label="filter_react_native" >
58-->src\main\AndroidManifest.xml:38:2-43:17
58-->src\main\AndroidManifest.xml:38:17-52
59                <action android:name="android.intent.action.VIEW" />
59-->src\main\AndroidManifest.xml:32:3-55
59-->src\main\AndroidManifest.xml:32:11-52
60
61                <category android:name="android.intent.category.DEFAULT" />
61-->src\main\AndroidManifest.xml:33:3-62
61-->src\main\AndroidManifest.xml:33:13-59
62                <category android:name="android.intent.category.BROWSABLE" />
62-->src\main\AndroidManifest.xml:34:3-64
62-->src\main\AndroidManifest.xml:34:13-61
63
64                <data
64-->src\main\AndroidManifest.xml:35:3-63
65                    android:host="verification_complete"
65-->src\main\AndroidManifest.xml:35:32-60
66                    android:scheme="posah" />
66-->src\main\AndroidManifest.xml:35:9-31
67 // A
68            </intent-filter>
69        </activity>
70        <activity android:name="com.facebook.react.devsupport.DevSettingsActivity" />
70-->src\main\AndroidManifest.xml:49:7-84
70-->src\main\AndroidManifest.xml:49:17-81
71    </application>
72
73</manifest>